<?xml version="1.0" encoding="UTF-8"?>
<!-- Generated by org.testng.reporters.JUnitXMLReporter -->
<testsuite hostname="DESKTOP-331N4BR" ignored="0" name="Default test" tests="5" failures="0" timestamp="2021-12-10T16:57:26 ART" time="6.563" errors="0">
  <testcase name="retrieveBankAndCoin" time="4.366" classname="money_value.ValueFinder"/>
  <testcase name="retrieveBankAndCoin" time="1.032" classname="money_value.ValueFinder"/>
  <testcase name="retrieveBankAndCoin" time="1.081" classname="money_value.ValueFinder"/>
  <testcase name="retrieveBankAndCoin" time="0.001" classname="money_value.ValueFinder"/>
  <testcase name="retrieveBankAndCoin" time="0.001" classname="money_value.ValueFinder"/>
</testsuite> <!-- Default test -->
